<?xml version="1.0" encoding="UTF-8"?>
<!-- Generated by org.testng.reporters.JUnitReportReporter -->
<testsuite hostname="DESKTOP-4M14A0P" failures="0" tests="1" name="driverFactory.DriverScript" time="33.992" errors="0" timestamp="2023-07-18T20:05:40 IST" skipped="0">
  <testcase classname="driverFactory.DriverScript" name="startTest" time="33.992"/>
  <system-out>
    <![CDATA[No of rows in TCSheet::4   No of rows in TSSheet::10
Admin Login Success::adminflow     http://primusbank.qedgetech.com/adminflow.aspx
Admin Logout Success
Admin Login Success::adminflow     http://primusbank.qedgetech.com/adminflow.aspx
New Branch with id 2103 created Sucessfully
Admin Logout Success
Admin Login Success::adminflow     http://primusbank.qedgetech.com/adminflow.aspx
Branch updated Sucessfully
Admin Logout Success]]>
  </system-out>
</testsuite> <!-- driverFactory.DriverScript -->
